This is pdfTeX, Version 3.141592653-2.6-1.40.26 (TeX Live 2024) (preloaded format=pdflatex 2025.2.13)  23 FEB 2025 13:41
entering extended mode
 restricted \write18 enabled.
 file:line:error style messages enabled.
 %&-line parsing enabled.
**main.tex
(./main.tex
LaTeX2e <2024-11-01> patch level 2
L3 programming layer <2025-01-18>
(/usr/local/texlive/2024/texmf-dist/tex/latex/base/article.cls
Document Class: article 2024/06/29 v1.4n Standard LaTeX document class
(/usr/local/texlive/2024/texmf-dist/tex/latex/base/size10.clo
File: size10.clo 2024/06/29 v1.4n Standard LaTeX file (size option)
)
\c@part=\count196
\c@section=\count197
\c@subsection=\count198
\c@subsubsection=\count199
\c@paragraph=\count266
\c@subparagraph=\count267
\c@figure=\count268
\c@table=\count269
\abovecaptionskip=\skip49
\belowcaptionskip=\skip50
\bibindent=\dimen141
) (/usr/local/texlive/2024/texmf-dist/tex/generic/babel/babel.sty
Package: babel 2025/02/02 v25.3 The multilingual framework for pdfLaTeX, LuaLaTeX and XeLaTeX
\babel@savecnt=\count270
\U@D=\dimen142
\l@unhyphenated=\language90
 (/usr/local/texlive/2024/texmf-dist/tex/generic/babel/txtbabel.def)
\bbl@readstream=\read2
\bbl@dirlevel=\count271
 (/usr/local/texlive/2024/texmf-dist/tex/generic/babel-english/english.ldf
Language: english 2017/06/06 v3.3r English support from the babel system
Package babel Info: Hyphen rules for 'canadian' set to \l@english
(babel)             (\language0). Reported on input line 102.
Package babel Info: Hyphen rules for 'australian' set to \l@ukenglish
(babel)             (\language24). Reported on input line 105.
Package babel Info: Hyphen rules for 'newzealand' set to \l@ukenglish
(babel)             (\language24). Reported on input line 108.
)) (/usr/local/texlive/2024/texmf-dist/tex/generic/babel/locale/en/babel-english.tex
Package babel Info: Importing font and identification data for english
(babel)             from babel-en.ini. Reported on input line 11.
) (/usr/local/texlive/2024/texmf-dist/tex/latex/base/inputenc.sty
Package: inputenc 2024/02/08 v1.3d Input encoding file
\inpenc@prehook=\toks17
\inpenc@posthook=\toks18
 (/usr/local/texlive/2024/texmf-dist/tex/latex/ucs/utf8x.def
File: utf8x.def 2023/11/09 UCS: Input encoding UTF-8


Package ucs Info: utf8x disabled, assuming standard utf8 processing
(ucs)             load ucs package to force utf8x processing.

(/usr/local/texlive/2024/texmf-dist/tex/latex/base/utf8.def
File: utf8.def 2022/06/07 v1.3c UTF-8 support
Now handling font encoding OML ...
... no UTF-8 mapping file for font encoding OML
Now handling font encoding OMS ...
... processing UTF-8 mapping file for font encoding OMS
 (/usr/local/texlive/2024/texmf-dist/tex/latex/base/omsenc.dfu
File: omsenc.dfu 2022/06/07 v1.3c UTF-8 support
   defining Unicode char U+00A7 (decimal 167)
   defining Unicode char U+00B6 (decimal 182)
   defining Unicode char U+00B7 (decimal 183)
   defining Unicode char U+2020 (decimal 8224)
   defining Unicode char U+2021 (decimal 8225)
   defining Unicode char U+2022 (decimal 8226)
)
Now handling font encoding OT1 ...
... processing UTF-8 mapping file for font encoding OT1
 (/usr/local/texlive/2024/texmf-dist/tex/latex/base/ot1enc.dfu
File: ot1enc.dfu 2022/06/07 v1.3c UTF-8 support
   defining Unicode char U+00A0 (decimal 160)
   defining Unicode char U+00A1 (decimal 161)
   defining Unicode char U+00A3 (decimal 163)
   defining Unicode char U+00AD (decimal 173)
   defining Unicode char U+00B8 (decimal 184)
   defining Unicode char U+00BF (decimal 191)
   defining Unicode char U+00C5 (decimal 197)
   defining Unicode char U+00C6 (decimal 198)
   defining Unicode char U+00D8 (decimal 216)
   defining Unicode char U+00DF (decimal 223)
   defining Unicode char U+00E6 (decimal 230)
   defining Unicode char U+00EC (decimal 236)
   defining Unicode char U+00ED (decimal 237)
   defining Unicode char U+00EE (decimal 238)
   defining Unicode char U+00EF (decimal 239)
   defining Unicode char U+00F8 (decimal 248)
   defining Unicode char U+0131 (decimal 305)
   defining Unicode char U+0141 (decimal 321)
   defining Unicode char U+0142 (decimal 322)
   defining Unicode char U+0152 (decimal 338)
   defining Unicode char U+0153 (decimal 339)
   defining Unicode char U+0174 (decimal 372)
   defining Unicode char U+0175 (decimal 373)
   defining Unicode char U+0176 (decimal 374)
   defining Unicode char U+0177 (decimal 375)
   defining Unicode char U+0218 (decimal 536)
   defining Unicode char U+0219 (decimal 537)
   defining Unicode char U+021A (decimal 538)
   defining Unicode char U+021B (decimal 539)
   defining Unicode char U+0237 (decimal 567)
   defining Unicode char U+2013 (decimal 8211)
   defining Unicode char U+2014 (decimal 8212)
   defining Unicode char U+2018 (decimal 8216)
   defining Unicode char U+2019 (decimal 8217)
   defining Unicode char U+201C (decimal 8220)
   defining Unicode char U+201D (decimal 8221)
   defining Unicode char U+FB00 (decimal 64256)
   defining Unicode char U+FB01 (decimal 64257)
   defining Unicode char U+FB02 (decimal 64258)
   defining Unicode char U+FB03 (decimal 64259)
   defining Unicode char U+FB04 (decimal 64260)
   defining Unicode char U+FB05 (decimal 64261)
   defining Unicode char U+FB06 (decimal 64262)
)
Now handling font encoding T1 ...
... processing UTF-8 mapping file for font encoding T1
 (/usr/local/texlive/2024/texmf-dist/tex/latex/base/t1enc.dfu
File: t1enc.dfu 2022/06/07 v1.3c UTF-8 support
   defining Unicode char U+00A0 (decimal 160)
   defining Unicode char U+00A1 (decimal 161)
   defining Unicode char U+00A3 (decimal 163)
   defining Unicode char U+00AB (decimal 171)
   defining Unicode char U+00AD (decimal 173)
   defining Unicode char U+00BB (decimal 187)
   defining Unicode char U+00BF (decimal 191)
   defining Unicode char U+00C0 (decimal 192)
   defining Unicode char U+00C1 (decimal 193)
   defining Unicode char U+00C2 (decimal 194)
   defining Unicode char U+00C3 (decimal 195)
   defining Unicode char U+00C4 (decimal 196)
   defining Unicode char U+00C5 (decimal 197)
   defining Unicode char U+00C6 (decimal 198)
   defining Unicode char U+00C7 (decimal 199)
   defining Unicode char U+00C8 (decimal 200)
   defining Unicode char U+00C9 (decimal 201)
   defining Unicode char U+00CA (decimal 202)
   defining Unicode char U+00CB (decimal 203)
   defining Unicode char U+00CC (decimal 204)
   defining Unicode char U+00CD (decimal 205)
   defining Unicode char U+00CE (decimal 206)
   defining Unicode char U+00CF (decimal 207)
   defining Unicode char U+00D0 (decimal 208)
   defining Unicode char U+00D1 (decimal 209)
   defining Unicode char U+00D2 (decimal 210)
   defining Unicode char U+00D3 (decimal 211)
   defining Unicode char U+00D4 (decimal 212)
   defining Unicode char U+00D5 (decimal 213)
   defining Unicode char U+00D6 (decimal 214)
   defining Unicode char U+00D8 (decimal 216)
   defining Unicode char U+00D9 (decimal 217)
   defining Unicode char U+00DA (decimal 218)
   defining Unicode char U+00DB (decimal 219)
   defining Unicode char U+00DC (decimal 220)
   defining Unicode char U+00DD (decimal 221)
   defining Unicode char U+00DE (decimal 222)
   defining Unicode char U+00DF (decimal 223)
   defining Unicode char U+00E0 (decimal 224)
   defining Unicode char U+00E1 (decimal 225)
   defining Unicode char U+00E2 (decimal 226)
   defining Unicode char U+00E3 (decimal 227)
   defining Unicode char U+00E4 (decimal 228)
   defining Unicode char U+00E5 (decimal 229)
   defining Unicode char U+00E6 (decimal 230)
   defining Unicode char U+00E7 (decimal 231)
   defining Unicode char U+00E8 (decimal 232)
   defining Unicode char U+00E9 (decimal 233)
   defining Unicode char U+00EA (decimal 234)
   defining Unicode char U+00EB (decimal 235)
   defining Unicode char U+00EC (decimal 236)
   defining Unicode char U+00ED (decimal 237)
   defining Unicode char U+00EE (decimal 238)
   defining Unicode char U+00EF (decimal 239)
   defining Unicode char U+00F0 (decimal 240)
   defining Unicode char U+00F1 (decimal 241)
   defining Unicode char U+00F2 (decimal 242)
   defining Unicode char U+00F3 (decimal 243)
   defining Unicode char U+00F4 (decimal 244)
   defining Unicode char U+00F5 (decimal 245)
   defining Unicode char U+00F6 (decimal 246)
   defining Unicode char U+00F8 (decimal 248)
   defining Unicode char U+00F9 (decimal 249)
   defining Unicode char U+00FA (decimal 250)
   defining Unicode char U+00FB (decimal 251)
   defining Unicode char U+00FC (decimal 252)
   defining Unicode char U+00FD (decimal 253)
   defining Unicode char U+00FE (decimal 254)
   defining Unicode char U+00FF (decimal 255)
   defining Unicode char U+0100 (decimal 256)
   defining Unicode char U+0101 (decimal 257)
   defining Unicode char U+0102 (decimal 258)
   defining Unicode char U+0103 (decimal 259)
   defining Unicode char U+0104 (decimal 260)
   defining Unicode char U+0105 (decimal 261)
   defining Unicode char U+0106 (decimal 262)
   defining Unicode char U+0107 (decimal 263)
   defining Unicode char U+0108 (decimal 264)
   defining Unicode char U+0109 (decimal 265)
   defining Unicode char U+010A (decimal 266)
   defining Unicode char U+010B (decimal 267)
   defining Unicode char U+010C (decimal 268)
   defining Unicode char U+010D (decimal 269)
   defining Unicode char U+010E (decimal 270)
   defining Unicode char U+010F (decimal 271)
   defining Unicode char U+0110 (decimal 272)
   defining Unicode char U+0111 (decimal 273)
   defining Unicode char U+0112 (decimal 274)
   defining Unicode char U+0113 (decimal 275)
   defining Unicode char U+0114 (decimal 276)
   defining Unicode char U+0115 (decimal 277)
   defining Unicode char U+0116 (decimal 278)
   defining Unicode char U+0117 (decimal 279)
   defining Unicode char U+0118 (decimal 280)
   defining Unicode char U+0119 (decimal 281)
   defining Unicode char U+011A (decimal 282)
   defining Unicode char U+011B (decimal 283)
   defining Unicode char U+011C (decimal 284)
   defining Unicode char U+011D (decimal 285)
   defining Unicode char U+011E (decimal 286)
   defining Unicode char U+011F (decimal 287)
   defining Unicode char U+0120 (decimal 288)
   defining Unicode char U+0121 (decimal 289)
   defining Unicode char U+0122 (decimal 290)
   defining Unicode char U+0123 (decimal 291)
   defining Unicode char U+0124 (decimal 292)
   defining Unicode char U+0125 (decimal 293)
   defining Unicode char U+0128 (decimal 296)
   defining Unicode char U+0129 (decimal 297)
   defining Unicode char U+012A (decimal 298)
   defining Unicode char U+012B (decimal 299)
   defining Unicode char U+012C (decimal 300)
   defining Unicode char U+012D (decimal 301)
   defining Unicode char U+012E (decimal 302)
   defining Unicode char U+012F (decimal 303)
   defining Unicode char U+0130 (decimal 304)
   defining Unicode char U+0131 (decimal 305)
   defining Unicode char U+0132 (decimal 306)
   defining Unicode char U+0133 (decimal 307)
   defining Unicode char U+0134 (decimal 308)
   defining Unicode char U+0135 (decimal 309)
   defining Unicode char U+0136 (decimal 310)
   defining Unicode char U+0137 (decimal 311)
   defining Unicode char U+0139 (decimal 313)
   defining Unicode char U+013A (decimal 314)
   defining Unicode char U+013B (decimal 315)
   defining Unicode char U+013C (decimal 316)
   defining Unicode char U+013D (decimal 317)
   defining Unicode char U+013E (decimal 318)
   defining Unicode char U+0141 (decimal 321)
   defining Unicode char U+0142 (decimal 322)
   defining Unicode char U+0143 (decimal 323)
   defining Unicode char U+0144 (decimal 324)
   defining Unicode char U+0145 (decimal 325)
   defining Unicode char U+0146 (decimal 326)
   defining Unicode char U+0147 (decimal 327)
   defining Unicode char U+0148 (decimal 328)
   defining Unicode char U+014A (decimal 330)
   defining Unicode char U+014B (decimal 331)
   defining Unicode char U+014C (decimal 332)
   defining Unicode char U+014D (decimal 333)
   defining Unicode char U+014E (decimal 334)
   defining Unicode char U+014F (decimal 335)
   defining Unicode char U+0150 (decimal 336)
   defining Unicode char U+0151 (decimal 337)
   defining Unicode char U+0152 (decimal 338)
   defining Unicode char U+0153 (decimal 339)
   defining Unicode char U+0154 (decimal 340)
   defining Unicode char U+0155 (decimal 341)
   defining Unicode char U+0156 (decimal 342)
   defining Unicode char U+0157 (decimal 343)
   defining Unicode char U+0158 (decimal 344)
   defining Unicode char U+0159 (decimal 345)
   defining Unicode char U+015A (decimal 346)
   defining Unicode char U+015B (decimal 347)
   defining Unicode char U+015C (decimal 348)
   defining Unicode char U+015D (decimal 349)
   defining Unicode char U+015E (decimal 350)
   defining Unicode char U+015F (decimal 351)
   defining Unicode char U+0160 (decimal 352)
   defining Unicode char U+0161 (decimal 353)
   defining Unicode char U+0162 (decimal 354)
   defining Unicode char U+0163 (decimal 355)
   defining Unicode char U+0164 (decimal 356)
   defining Unicode char U+0165 (decimal 357)
   defining Unicode char U+0168 (decimal 360)
   defining Unicode char U+0169 (decimal 361)
   defining Unicode char U+016A (decimal 362)
   defining Unicode char U+016B (decimal 363)
   defining Unicode char U+016C (decimal 364)
   defining Unicode char U+016D (decimal 365)
   defining Unicode char U+016E (decimal 366)
   defining Unicode char U+016F (decimal 367)
   defining Unicode char U+0170 (decimal 368)
   defining Unicode char U+0171 (decimal 369)
   defining Unicode char U+0172 (decimal 370)
   defining Unicode char U+0173 (decimal 371)
   defining Unicode char U+0174 (decimal 372)
   defining Unicode char U+0175 (decimal 373)
   defining Unicode char U+0176 (decimal 374)
   defining Unicode char U+0177 (decimal 375)
   defining Unicode char U+0178 (decimal 376)
   defining Unicode char U+0179 (decimal 377)
   defining Unicode char U+017A (decimal 378)
   defining Unicode char U+017B (decimal 379)
   defining Unicode char U+017C (decimal 380)
   defining Unicode char U+017D (decimal 381)
   defining Unicode char U+017E (decimal 382)
   defining Unicode char U+01C4 (decimal 452)
   defining Unicode char U+01C5 (decimal 453)
   defining Unicode char U+01C6 (decimal 454)
   defining Unicode char U+01C7 (decimal 455)
   defining Unicode char U+01C8 (decimal 456)
   defining Unicode char U+01C9 (decimal 457)
   defining Unicode char U+01CA (decimal 458)
   defining Unicode char U+01CB (decimal 459)
   defining Unicode char U+01CC (decimal 460)
   defining Unicode char U+01CD (decimal 461)
   defining Unicode char U+01CE (decimal 462)
   defining Unicode char U+01CF (decimal 463)
   defining Unicode char U+01D0 (decimal 464)
   defining Unicode char U+01D1 (decimal 465)
   defining Unicode char U+01D2 (decimal 466)
   defining Unicode char U+01D3 (decimal 467)
   defining Unicode char U+01D4 (decimal 468)
   defining Unicode char U+01E2 (decimal 482)
   defining Unicode char U+01E3 (decimal 483)
   defining Unicode char U+01E6 (decimal 486)
   defining Unicode char U+01E7 (decimal 487)
   defining Unicode char U+01E8 (decimal 488)
   defining Unicode char U+01E9 (decimal 489)
   defining Unicode char U+01EA (decimal 490)
   defining Unicode char U+01EB (decimal 491)
   defining Unicode char U+01F0 (decimal 496)
   defining Unicode char U+01F4 (decimal 500)
   defining Unicode char U+01F5 (decimal 501)
   defining Unicode char U+0218 (decimal 536)
   defining Unicode char U+0219 (decimal 537)
   defining Unicode char U+021A (decimal 538)
   defining Unicode char U+021B (decimal 539)
   defining Unicode char U+0232 (decimal 562)
   defining Unicode char U+0233 (decimal 563)
   defining Unicode char U+0237 (decimal 567)
   defining Unicode char U+02D9 (decimal 729)
   defining Unicode char U+02DB (decimal 731)
   defining Unicode char U+1E02 (decimal 7682)
   defining Unicode char U+1E03 (decimal 7683)
   defining Unicode char U+1E0D (decimal 7693)
   defining Unicode char U+1E1E (decimal 7710)
   defining Unicode char U+1E1F (decimal 7711)
   defining Unicode char U+1E25 (decimal 7717)
   defining Unicode char U+1E30 (decimal 7728)
   defining Unicode char U+1E31 (decimal 7729)
   defining Unicode char U+1E37 (decimal 7735)
   defining Unicode char U+1E8E (decimal 7822)
   defining Unicode char U+1E8F (decimal 7823)
   defining Unicode char U+1E43 (decimal 7747)
   defining Unicode char U+1E45 (decimal 7749)
   defining Unicode char U+1E47 (decimal 7751)
   defining Unicode char U+1E5B (decimal 7771)
   defining Unicode char U+1E63 (decimal 7779)
   defining Unicode char U+1E6D (decimal 7789)
   defining Unicode char U+1E90 (decimal 7824)
   defining Unicode char U+1E91 (decimal 7825)
   defining Unicode char U+1E9E (decimal 7838)
   defining Unicode char U+1EF2 (decimal 7922)
   defining Unicode char U+1EF3 (decimal 7923)
   defining Unicode char U+200C (decimal 8204)
   defining Unicode char U+2010 (decimal 8208)
   defining Unicode char U+2011 (decimal 8209)
   defining Unicode char U+2012 (decimal 8210)
   defining Unicode char U+2013 (decimal 8211)
   defining Unicode char U+2014 (decimal 8212)
   defining Unicode char U+2015 (decimal 8213)
   defining Unicode char U+2018 (decimal 8216)
   defining Unicode char U+2019 (decimal 8217)
   defining Unicode char U+201A (decimal 8218)
   defining Unicode char U+201C (decimal 8220)
   defining Unicode char U+201D (decimal 8221)
   defining Unicode char U+201E (decimal 8222)
   defining Unicode char U+2030 (decimal 8240)
   defining Unicode char U+2031 (decimal 8241)
   defining Unicode char U+2039 (decimal 8249)
   defining Unicode char U+203A (decimal 8250)
   defining Unicode char U+2423 (decimal 9251)
   defining Unicode char U+1E20 (decimal 7712)
   defining Unicode char U+1E21 (decimal 7713)
   defining Unicode char U+FB00 (decimal 64256)
   defining Unicode char U+FB01 (decimal 64257)
   defining Unicode char U+FB02 (decimal 64258)
   defining Unicode char U+FB03 (decimal 64259)
   defining Unicode char U+FB04 (decimal 64260)
   defining Unicode char U+FB05 (decimal 64261)
   defining Unicode char U+FB06 (decimal 64262)
)
Now handling font encoding TS1 ...
... processing UTF-8 mapping file for font encoding TS1
 (/usr/local/texlive/2024/texmf-dist/tex/latex/base/ts1enc.dfu
File: ts1enc.dfu 2022/06/07 v1.3c UTF-8 support
   defining Unicode char U+00A2 (decimal 162)
   defining Unicode char U+00A3 (decimal 163)
   defining Unicode char U+00A4 (decimal 164)
   defining Unicode char U+00A5 (decimal 165)
   defining Unicode char U+00A6 (decimal 166)
   defining Unicode char U+00A7 (decimal 167)
   defining Unicode char U+00A8 (decimal 168)
   defining Unicode char U+00A9 (decimal 169)
   defining Unicode char U+00AA (decimal 170)
   defining Unicode char U+00AC (decimal 172)
   defining Unicode char U+00AE (decimal 174)
   defining Unicode char U+00AF (decimal 175)
   defining Unicode char U+00B0 (decimal 176)
   defining Unicode char U+00B1 (decimal 177)
   defining Unicode char U+00B2 (decimal 178)
   defining Unicode char U+00B3 (decimal 179)
   defining Unicode char U+00B4 (decimal 180)
   defining Unicode char U+00B5 (decimal 181)
   defining Unicode char U+00B6 (decimal 182)
   defining Unicode char U+00B7 (decimal 183)
   defining Unicode char U+00B9 (decimal 185)
   defining Unicode char U+00BA (decimal 186)
   defining Unicode char U+00BC (decimal 188)
   defining Unicode char U+00BD (decimal 189)
   defining Unicode char U+00BE (decimal 190)
   defining Unicode char U+00D7 (decimal 215)
   defining Unicode char U+00F7 (decimal 247)
   defining Unicode char U+0192 (decimal 402)
   defining Unicode char U+02C7 (decimal 711)
   defining Unicode char U+02D8 (decimal 728)
   defining Unicode char U+02DD (decimal 733)
   defining Unicode char U+0E3F (decimal 3647)
   defining Unicode char U+2016 (decimal 8214)
   defining Unicode char U+2020 (decimal 8224)
   defining Unicode char U+2021 (decimal 8225)
   defining Unicode char U+2022 (decimal 8226)
   defining Unicode char U+2030 (decimal 8240)
   defining Unicode char U+2031 (decimal 8241)
   defining Unicode char U+203B (decimal 8251)
   defining Unicode char U+203D (decimal 8253)
   defining Unicode char U+2044 (decimal 8260)
   defining Unicode char U+204E (decimal 8270)
   defining Unicode char U+2052 (decimal 8274)
   defining Unicode char U+20A1 (decimal 8353)
   defining Unicode char U+20A4 (decimal 8356)
   defining Unicode char U+20A6 (decimal 8358)
   defining Unicode char U+20A9 (decimal 8361)
   defining Unicode char U+20AB (decimal 8363)
   defining Unicode char U+20AC (decimal 8364)
   defining Unicode char U+20B1 (decimal 8369)
   defining Unicode char U+2103 (decimal 8451)
   defining Unicode char U+2116 (decimal 8470)
   defining Unicode char U+2117 (decimal 8471)
   defining Unicode char U+211E (decimal 8478)
   defining Unicode char U+2120 (decimal 8480)
   defining Unicode char U+2122 (decimal 8482)
   defining Unicode char U+2126 (decimal 8486)
   defining Unicode char U+2127 (decimal 8487)
   defining Unicode char U+212E (decimal 8494)
   defining Unicode char U+2190 (decimal 8592)
   defining Unicode char U+2191 (decimal 8593)
   defining Unicode char U+2192 (decimal 8594)
   defining Unicode char U+2193 (decimal 8595)
   defining Unicode char U+2329 (decimal 9001)
   defining Unicode char U+3008 (decimal 12296)
   defining Unicode char U+232A (decimal 9002)
   defining Unicode char U+3009 (decimal 12297)
   defining Unicode char U+2422 (decimal 9250)
   defining Unicode char U+25E6 (decimal 9702)
   defining Unicode char U+25EF (decimal 9711)
   defining Unicode char U+266A (decimal 9834)
   defining Unicode char U+27E8 (decimal 10216)
   defining Unicode char U+27E9 (decimal 10217)
   defining Unicode char U+FEFF (decimal 65279)
)
Now handling font encoding OMX ...
... no UTF-8 mapping file for font encoding OMX
Now handling font encoding U ...
... no UTF-8 mapping file for font encoding U
   defining Unicode char U+00A9 (decimal 169)
   defining Unicode char U+00AA (decimal 170)
   defining Unicode char U+00AE (decimal 174)
   defining Unicode char U+00BA (decimal 186)
   defining Unicode char U+02C6 (decimal 710)
   defining Unicode char U+02DC (decimal 732)
   defining Unicode char U+200C (decimal 8204)
   defining Unicode char U+2026 (decimal 8230)
   defining Unicode char U+2122 (decimal 8482)
   defining Unicode char U+2423 (decimal 9251)
   defining Unicode char U+FEFF (decimal 65279)
))) (/usr/local/texlive/2024/texmf-dist/tex/latex/base/fontenc.sty
Package: fontenc 2021/04/29 v2.0v Standard LaTeX package
) (/usr/local/texlive/2024/texmf-dist/tex/latex/fancyhdr/fancyhdr.sty
Package: fancyhdr 2025/02/07 v5.2 Extensive control of page headers and footers
\f@nch@headwidth=\skip51
\f@nch@offset@elh=\skip52
\f@nch@offset@erh=\skip53
\f@nch@offset@olh=\skip54
\f@nch@offset@orh=\skip55
\f@nch@offset@elf=\skip56
\f@nch@offset@erf=\skip57
\f@nch@offset@olf=\skip58
\f@nch@offset@orf=\skip59
\f@nch@height=\skip60
\f@nch@footalignment=\skip61
\f@nch@widthL=\skip62
\f@nch@widthC=\skip63
\f@nch@widthR=\skip64
\@temptokenb=\toks19
) (/usr/local/texlive/2024/texmf-dist/tex/latex/setspace/setspace.sty
Package: setspace 2022/12/04 v6.7b set line spacing
) (/usr/local/texlive/2024/texmf-dist/tex/latex/listings/listings.sty (/usr/local/texlive/2024/texmf-dist/tex/latex/graphics/keyval.sty
Package: keyval 2022/05/29 v1.15 key=value parser (DPC)
\KV@toks@=\toks20
)
\lst@mode=\count272
\lst@gtempboxa=\box52
\lst@token=\toks21
\lst@length=\count273
\lst@currlwidth=\dimen143
\lst@column=\count274
\lst@pos=\count275
\lst@lostspace=\dimen144
\lst@width=\dimen145
\lst@newlines=\count276
\lst@lineno=\count277
\lst@maxwidth=\dimen146
 (/usr/local/texlive/2024/texmf-dist/tex/latex/listings/lstpatch.sty
File: lstpatch.sty 2024/09/23 1.10c (Carsten Heinz)
) (/usr/local/texlive/2024/texmf-dist/tex/latex/listings/lstmisc.sty
File: lstmisc.sty 2024/09/23 1.10c (Carsten Heinz)
\c@lstnumber=\count278
\lst@skipnumbers=\count279
\lst@framebox=\box53
) (/usr/local/texlive/2024/texmf-dist/tex/latex/listings/listings.cfg
File: listings.cfg 2024/09/23 1.10c listings configuration
))
Package: listings 2024/09/23 1.10c (Carsten Heinz)
 (/usr/local/texlive/2024/texmf-dist/tex/latex/caption/subcaption.sty
Package: subcaption 2023/07/28 v1.6b Sub-captions (AR)
 (/usr/local/texlive/2024/texmf-dist/tex/latex/caption/caption.sty
Package: caption 2023/08/05 v3.6o Customizing captions (AR)
 (/usr/local/texlive/2024/texmf-dist/tex/latex/caption/caption3.sty
Package: caption3 2023/07/31 v2.4d caption3 kernel (AR)
\caption@tempdima=\dimen147
\captionmargin=\dimen148
\caption@leftmargin=\dimen149
\caption@rightmargin=\dimen150
\caption@width=\dimen151
\caption@indent=\dimen152
\caption@parindent=\dimen153
\caption@hangindent=\dimen154
Package caption Info: Standard document class detected.
)
\c@caption@flags=\count280
\c@continuedfloat=\count281
Package caption Info: listings package is loaded.
)
Package caption Info: New subtype `subfigure' on input line 238.
\c@subfigure=\count282
Package caption Info: New subtype `subtable' on input line 238.
\c@subtable=\count283
) (/usr/local/texlive/2024/texmf-dist/tex/latex/geometry/geometry.sty
Package: geometry 2020/01/02 v5.9 Page Geometry
 (/usr/local/texlive/2024/texmf-dist/tex/generic/iftex/ifvtex.sty
Package: ifvtex 2019/10/25 v1.7 ifvtex legacy package. Use iftex instead.
 (/usr/local/texlive/2024/texmf-dist/tex/generic/iftex/iftex.sty
Package: iftex 2024/12/12 v1.0g TeX engine tests
))
\Gm@cnth=\count284
\Gm@cntv=\count285
\c@Gm@tempcnt=\count286
\Gm@bindingoffset=\dimen155
\Gm@wd@mp=\dimen156
\Gm@odd@mp=\dimen157
\Gm@even@mp=\dimen158
\Gm@layoutwidth=\dimen159
\Gm@layoutheight=\dimen160
\Gm@layouthoffset=\dimen161
\Gm@layoutvoffset=\dimen162
\Gm@dimlist=\toks22
) (/usr/local/texlive/2024/texmf-dist/tex/latex/graphics/graphicx.sty
Package: graphicx 2021/09/16 v1.2d Enhanced LaTeX Graphics (DPC,SPQR)
 (/usr/local/texlive/2024/texmf-dist/tex/latex/graphics/graphics.sty
Package: graphics 2024/08/06 v1.4g Standard LaTeX Graphics (DPC,SPQR)
 (/usr/local/texlive/2024/texmf-dist/tex/latex/graphics/trig.sty
Package: trig 2023/12/02 v1.11 sin cos tan (DPC)
) (/usr/local/texlive/2024/texmf-dist/tex/latex/graphics-cfg/graphics.cfg
File: graphics.cfg 2016/06/04 v1.11 sample graphics configuration
)
Package graphics Info: Driver file: pdftex.def on input line 106.
 (/usr/local/texlive/2024/texmf-dist/tex/latex/graphics-def/pdftex.def
File: pdftex.def 2024/04/13 v1.2c Graphics/color driver for pdftex
))
\Gin@req@height=\dimen163
\Gin@req@width=\dimen164
) (/usr/local/texlive/2024/texmf-dist/tex/latex/l3backend/l3backend-pdftex.def
File: l3backend-pdftex.def 2024-05-08 L3 backend support: PDF output (pdfTeX)
\l__color_backend_stack_int=\count287
\l__pdf_internal_box=\box54
) (./main.aux (./one.aux) (./time.aux) (./appendix.aux))
\openout1 = `main.aux'.

LaTeX Font Info:    Checking defaults for OML/cmm/m/it on input line 18.
LaTeX Font Info:    ... okay on input line 18.
LaTeX Font Info:    Checking defaults for OMS/cmsy/m/n on input line 18.
LaTeX Font Info:    ... okay on input line 18.
LaTeX Font Info:    Checking defaults for OT1/cmr/m/n on input line 18.
LaTeX Font Info:    ... okay on input line 18.
LaTeX Font Info:    Checking defaults for T1/cmr/m/n on input line 18.
LaTeX Font Info:    ... okay on input line 18.
LaTeX Font Info:    Checking defaults for TS1/cmr/m/n on input line 18.
LaTeX Font Info:    ... okay on input line 18.
LaTeX Font Info:    Checking defaults for OMX/cmex/m/n on input line 18.
LaTeX Font Info:    ... okay on input line 18.
LaTeX Font Info:    Checking defaults for U/cmr/m/n on input line 18.
LaTeX Font Info:    ... okay on input line 18.
\c@lstlisting=\count288
Package caption Info: Begin \AtBeginDocument code.
Package caption Info: End \AtBeginDocument code.

*geometry* driver: auto-detecting
*geometry* detected driver: pdftex
*geometry* verbose mode - [ preamble ] result:
* driver: pdftex
* paper: a4paper
* layout: <same size as paper>
* layoutoffset:(h,v)=(0.0pt,0.0pt)
* modes: twoside 
* h-part:(L,W,R)=(71.13188pt, 455.24411pt, 71.13188pt)
* v-part:(T,H,B)=(85.35826pt, 674.33032pt, 85.35826pt)
* \paperwidth=597.50787pt
* \paperheight=845.04684pt
* \textwidth=455.24411pt
* \textheight=674.33032pt
* \oddsidemargin=-1.1381pt
* \evensidemargin=-1.1381pt
* \topmargin=-23.91173pt
* \headheight=12.0pt
* \headsep=25.0pt
* \topskip=10.0pt
* \footskip=30.0pt
* \marginparwidth=49.79231pt
* \marginparsep=11.0pt
* \columnsep=10.0pt
* \skip\footins=9.0pt plus 4.0pt minus 2.0pt
* \hoffset=0.0pt
* \voffset=0.0pt
* \mag=1000
* \@twocolumnfalse
* \@twosidetrue
* \@mparswitchtrue
* \@reversemarginfalse
* (1in=72.27pt=25.4mm, 1cm=28.453pt)

(/usr/local/texlive/2024/texmf-dist/tex/context/base/mkii/supp-pdf.mkii
[Loading MPS to PDF converter (version 2006.09.02).]
\scratchcounter=\count289
\scratchdimen=\dimen165
\scratchbox=\box55
\nofMPsegments=\count290
\nofMParguments=\count291
\everyMPshowfont=\toks23
\MPscratchCnt=\count292
\MPscratchDim=\dimen166
\MPnumerator=\count293
\makeMPintoPDFobject=\count294
\everyMPtoPDFconversion=\toks24
) (/usr/local/texlive/2024/texmf-dist/tex/latex/epstopdf-pkg/epstopdf-base.sty
Package: epstopdf-base 2020-01-24 v2.11 Base part for package epstopdf
Package epstopdf-base Info: Redefining graphics rule for `.eps' on input line 485.
 (/usr/local/texlive/2024/texmf-dist/tex/latex/latexconfig/epstopdf-sys.cfg
File: epstopdf-sys.cfg 2010/07/13 v1.3 Configuration of (r)epstopdf for TeX Live
)) (./title/title.tex
<title/logo-upc.png, id=1, 1284.8pt x 224.84pt>
File: title/logo-upc.png Graphic file (type png)
<use title/logo-upc.png>
Package pdftex.def Info: title/logo-upc.png  used on input line 9.
(pdftex.def)             Requested size: 362.77263pt x 63.48311pt.
LaTeX Font Info:    External font `cmex10' loaded for size
(Font)              <7> on input line 49.
LaTeX Font Info:    External font `cmex10' loaded for size
(Font)              <5> on input line 49.


[1

{/usr/local/texlive/2024/texmf-var/fonts/map/pdftex/updmap/pdftex.map}{/usr/local/texlive/2024/texmf-dist/fonts/enc/dvips/cm-super/cm-super-t1.enc} <./title/logo-upc.png>]) (./main.toc)
\tf@toc=\write3
\openout3 = `main.toc'.

 (./main.lof)
\tf@lof=\write4
\openout4 = `main.lof'.

 (./main.lot)
\tf@lot=\write5
\openout5 = `main.lot'.



File: title/logo-upc.png Graphic file (type png)
<use title/logo-upc.png>
Package pdftex.def Info: title/logo-upc.png  used on input line 32.
(pdftex.def)             Requested size: 215.80704pt x 37.76599pt.
[2]
\openout2 = `one.aux'.

 (./one.tex

File: title/logo-upc.png Graphic file (type png)
<use title/logo-upc.png>
Package pdftex.def Info: title/logo-upc.png  used on input line 33.
(pdftex.def)             Requested size: 215.80704pt x 37.76599pt.
[3

{/usr/local/texlive/2024/texmf-dist/fonts/enc/dvips/cm-super/cm-super-ts1.enc}] (./ncFigures.tex
<../images/plotNCFull1000_PathLength.pdf, id=34, 378.79417pt x 309.29051pt>
File: ../images/plotNCFull1000_PathLength.pdf Graphic file (type pdf)
<use ../images/plotNCFull1000_PathLength.pdf>
Package pdftex.def Info: ../images/plotNCFull1000_PathLength.pdf  used on input line 6.
(pdftex.def)             Requested size: 145.68144pt x 118.95215pt.
LaTeX Font Info:    External font `cmex10' loaded for size
(Font)              <9> on input line 7.
LaTeX Font Info:    External font `cmex10' loaded for size
(Font)              <6> on input line 7.

Underfull \hbox (badness 2781) in paragraph at lines 7--7
[]\T1/cmr/m/n/9 (a) |Path Lengths with dif-fer-ent
 []

<../images/plotNCFull5000_PathLength.pdf, id=35, 369.90594pt x 307.33821pt>
File: ../images/plotNCFull5000_PathLength.pdf Graphic file (type pdf)
<use ../images/plotNCFull5000_PathLength.pdf>
Package pdftex.def Info: ../images/plotNCFull5000_PathLength.pdf  used on input line 13.
(pdftex.def)             Requested size: 145.68144pt x 121.0432pt.

Underfull \hbox (badness 2564) in paragraph at lines 14--14
[]\T1/cmr/m/n/9 (b) |Path Lengths with dif-fer-ent
 []

<../images/plotNCFull10000_PathLength.pdf, id=36, 377.68303pt x 307.34624pt>
File: ../images/plotNCFull10000_PathLength.pdf Graphic file (type pdf)
<use ../images/plotNCFull10000_PathLength.pdf>
Package pdftex.def Info: ../images/plotNCFull10000_PathLength.pdf  used on input line 20.
(pdftex.def)             Requested size: 145.68144pt x 118.55142pt.

Underfull \hbox (badness 3019) in paragraph at lines 21--21
[]\T1/cmr/m/n/9 (c) |Path Lengths with dif-fer-ent
 []

<../images/plotNCNonFull1000_PathLength.pdf, id=37, 376.57188pt x 309.2895pt>
File: ../images/plotNCNonFull1000_PathLength.pdf Graphic file (type pdf)
<use ../images/plotNCNonFull1000_PathLength.pdf>
Package pdftex.def Info: ../images/plotNCNonFull1000_PathLength.pdf  used on input line 25.
(pdftex.def)             Requested size: 145.68144pt x 119.65494pt.

Underfull \hbox (badness 2564) in paragraph at lines 26--26
[]\T1/cmr/m/n/9 (d) |Path Lengths with dif-fer-ent
 []

<../images/plotNCNonFull5000_PathLength.pdf, id=38, 367.68365pt x 307.34523pt>
File: ../images/plotNCNonFull5000_PathLength.pdf Graphic file (type pdf)
<use ../images/plotNCNonFull5000_PathLength.pdf>
Package pdftex.def Info: ../images/plotNCNonFull5000_PathLength.pdf  used on input line 32.
(pdftex.def)             Requested size: 145.68144pt x 121.77754pt.

Underfull \hbox (badness 3019) in paragraph at lines 33--33
[]\T1/cmr/m/n/9 (e) |Path Lengths with dif-fer-ent
 []

<../images/plotNCNonFull10000_PathLength.pdf, id=39, 367.68365pt x 307.34523pt>
File: ../images/plotNCNonFull10000_PathLength.pdf Graphic file (type pdf)
<use ../images/plotNCNonFull10000_PathLength.pdf>
Package pdftex.def Info: ../images/plotNCNonFull10000_PathLength.pdf  used on input line 39.
(pdftex.def)             Requested size: 145.68144pt x 121.77754pt.

Underfull \hbox (badness 3302) in paragraph at lines 40--40
[]\T1/cmr/m/n/9 (f) |Path Lengths with dif-fer-ent
 []

)

File: title/logo-upc.png Graphic file (type png)
<use title/logo-upc.png>
Package pdftex.def Info: title/logo-upc.png  used on input line 70.
(pdftex.def)             Requested size: 215.80704pt x 37.76599pt.
[4] (./tpuFigures.tex
<../images/plotFCFull1000_PathLength.pdf, id=44, 376.57188pt x 309.2895pt>
File: ../images/plotFCFull1000_PathLength.pdf Graphic file (type pdf)
<use ../images/plotFCFull1000_PathLength.pdf>
Package pdftex.def Info: ../images/plotFCFull1000_PathLength.pdf  used on input line 5.
(pdftex.def)             Requested size: 145.68144pt x 119.65494pt.

Underfull \hbox (badness 2781) in paragraph at lines 6--6
[]\T1/cmr/m/n/9 (a) |Path Lengths with dif-fer-ent
 []

<../images/plotFCFull5000_PathLength.pdf, id=45, 367.68365pt x 307.34323pt>
File: ../images/plotFCFull5000_PathLength.pdf Graphic file (type pdf)
<use ../images/plotFCFull5000_PathLength.pdf>
Package pdftex.def Info: ../images/plotFCFull5000_PathLength.pdf  used on input line 12.
(pdftex.def)             Requested size: 145.68144pt x 121.77675pt.

Underfull \hbox (badness 2564) in paragraph at lines 13--13
[]\T1/cmr/m/n/9 (b) |Path Lengths with dif-fer-ent
 []

<../images/plotFCFull10000_PathLength.pdf, id=46, 367.68365pt x 307.34425pt>
File: ../images/plotFCFull10000_PathLength.pdf Graphic file (type pdf)
<use ../images/plotFCFull10000_PathLength.pdf>
Package pdftex.def Info: ../images/plotFCFull10000_PathLength.pdf  used on input line 19.
(pdftex.def)             Requested size: 145.68144pt x 121.77716pt.

Underfull \hbox (badness 3019) in paragraph at lines 20--20
[]\T1/cmr/m/n/9 (c) |Path Lengths with dif-fer-ent
 []

<../images/plotPSFull1000_PathLength.pdf, id=47, 376.57188pt x 309.28749pt>
File: ../images/plotPSFull1000_PathLength.pdf Graphic file (type pdf)
<use ../images/plotPSFull1000_PathLength.pdf>
Package pdftex.def Info: ../images/plotPSFull1000_PathLength.pdf  used on input line 25.
(pdftex.def)             Requested size: 145.68144pt x 119.65416pt.

Underfull \hbox (badness 2564) in paragraph at lines 26--26
[]\T1/cmr/m/n/9 (d) |Path Lengths with dif-fer-ent
 []

<../images/plotPSFull5000_PathLength.pdf, id=48, 367.68365pt x 307.34425pt>
File: ../images/plotPSFull5000_PathLength.pdf Graphic file (type pdf)
<use ../images/plotPSFull5000_PathLength.pdf>
Package pdftex.def Info: ../images/plotPSFull5000_PathLength.pdf  used on input line 32.
(pdftex.def)             Requested size: 145.68144pt x 121.77716pt.

Underfull \hbox (badness 3019) in paragraph at lines 33--33
[]\T1/cmr/m/n/9 (e) |Path Lengths with dif-fer-ent
 []

<../images/plotPSFull10000_PathLength.pdf, id=49, 367.68365pt x 307.34523pt>
File: ../images/plotPSFull10000_PathLength.pdf Graphic file (type pdf)
<use ../images/plotPSFull10000_PathLength.pdf>
Package pdftex.def Info: ../images/plotPSFull10000_PathLength.pdf  used on input line 39.
(pdftex.def)             Requested size: 145.68144pt x 121.77754pt.

Underfull \hbox (badness 3302) in paragraph at lines 40--40
[]\T1/cmr/m/n/9 (f) |Path Lengths with dif-fer-ent
 []

<../images/plotPHFull1000_PathLength.pdf, id=50, 376.57188pt x 309.2885pt>
File: ../images/plotPHFull1000_PathLength.pdf Graphic file (type pdf)
<use ../images/plotPHFull1000_PathLength.pdf>
Package pdftex.def Info: ../images/plotPHFull1000_PathLength.pdf  used on input line 45.
(pdftex.def)             Requested size: 145.68144pt x 119.65456pt.

Underfull \hbox (badness 2781) in paragraph at lines 46--46
[]\T1/cmr/m/n/9 (g) |Path Lengths with dif-fer-ent
 []

<../images/plotPHFull5000_PathLength.pdf, id=51, 367.68365pt x 307.34523pt>
File: ../images/plotPHFull5000_PathLength.pdf Graphic file (type pdf)
<use ../images/plotPHFull5000_PathLength.pdf>
Package pdftex.def Info: ../images/plotPHFull5000_PathLength.pdf  used on input line 52.
(pdftex.def)             Requested size: 145.68144pt x 121.77754pt.

Underfull \hbox (badness 2564) in paragraph at lines 53--53
[]\T1/cmr/m/n/9 (h) |Path Lengths with dif-fer-ent
 []

<../images/plotPHFull10000_PathLength.pdf, id=52, 367.68365pt x 307.34523pt>
File: ../images/plotPHFull10000_PathLength.pdf Graphic file (type pdf)
<use ../images/plotPHFull10000_PathLength.pdf>
Package pdftex.def Info: ../images/plotPHFull10000_PathLength.pdf  used on input line 59.
(pdftex.def)             Requested size: 145.68144pt x 121.77754pt.
<../images/plotFCNonFull1000_PathLength.pdf, id=53, 376.57188pt x 309.2915pt>
File: ../images/plotFCNonFull1000_PathLength.pdf Graphic file (type pdf)
<use ../images/plotFCNonFull1000_PathLength.pdf>
Package pdftex.def Info: ../images/plotFCNonFull1000_PathLength.pdf  used on input line 71.
(pdftex.def)             Requested size: 145.68144pt x 119.65572pt.

Underfull \hbox (badness 2781) in paragraph at lines 72--72
[]\T1/cmr/m/n/9 (a) |Path Lengths with dif-fer-ent
 []

<../images/plotFCNonFull5000_PathLength.pdf, id=54, 367.68365pt x 307.34624pt>
File: ../images/plotFCNonFull5000_PathLength.pdf Graphic file (type pdf)
<use ../images/plotFCNonFull5000_PathLength.pdf>
Package pdftex.def Info: ../images/plotFCNonFull5000_PathLength.pdf  used on input line 78.
(pdftex.def)             Requested size: 145.68144pt x 121.77795pt.

Underfull \hbox (badness 2564) in paragraph at lines 79--79
[]\T1/cmr/m/n/9 (b) |Path Lengths with dif-fer-ent
 []

<../images/plotFCNonFull10000_PathLength.pdf, id=55, 367.68365pt x 307.34624pt>
File: ../images/plotFCNonFull10000_PathLength.pdf Graphic file (type pdf)
<use ../images/plotFCNonFull10000_PathLength.pdf>
Package pdftex.def Info: ../images/plotFCNonFull10000_PathLength.pdf  used on input line 85.
(pdftex.def)             Requested size: 145.68144pt x 121.77795pt.

Underfull \hbox (badness 3019) in paragraph at lines 86--86
[]\T1/cmr/m/n/9 (c) |Path Lengths with dif-fer-ent
 []

<../images/plotPSNonFull1000_PathLength.pdf, id=56, 376.57188pt x 309.2915pt>
File: ../images/plotPSNonFull1000_PathLength.pdf Graphic file (type pdf)
<use ../images/plotPSNonFull1000_PathLength.pdf>
Package pdftex.def Info: ../images/plotPSNonFull1000_PathLength.pdf  used on input line 91.
(pdftex.def)             Requested size: 145.68144pt x 119.65572pt.

Underfull \hbox (badness 2564) in paragraph at lines 92--92
[]\T1/cmr/m/n/9 (d) |Path Lengths with dif-fer-ent
 []

<../images/plotPSNonFull5000_PathLength.pdf, id=57, 367.68365pt x 307.34624pt>
File: ../images/plotPSNonFull5000_PathLength.pdf Graphic file (type pdf)
<use ../images/plotPSNonFull5000_PathLength.pdf>
Package pdftex.def Info: ../images/plotPSNonFull5000_PathLength.pdf  used on input line 98.
(pdftex.def)             Requested size: 145.68144pt x 121.77795pt.

Underfull \hbox (badness 3019) in paragraph at lines 99--99
[]\T1/cmr/m/n/9 (e) |Path Lengths with dif-fer-ent
 []

<../images/plotPSNonFull10000_PathLength.pdf, id=58, 367.68365pt x 307.34624pt>
File: ../images/plotPSNonFull10000_PathLength.pdf Graphic file (type pdf)
<use ../images/plotPSNonFull10000_PathLength.pdf>
Package pdftex.def Info: ../images/plotPSNonFull10000_PathLength.pdf  used on input line 105.
(pdftex.def)             Requested size: 145.68144pt x 121.77795pt.

Underfull \hbox (badness 3302) in paragraph at lines 106--106
[]\T1/cmr/m/n/9 (f) |Path Lengths with dif-fer-ent
 []

<../images/plotPHNonFull1000_PathLength.pdf, id=59, 376.57188pt x 309.29051pt>
File: ../images/plotPHNonFull1000_PathLength.pdf Graphic file (type pdf)
<use ../images/plotPHNonFull1000_PathLength.pdf>
Package pdftex.def Info: ../images/plotPHNonFull1000_PathLength.pdf  used on input line 111.
(pdftex.def)             Requested size: 145.68144pt x 119.65533pt.

Underfull \hbox (badness 2781) in paragraph at lines 112--112
[]\T1/cmr/m/n/9 (g) |Path Lengths with dif-fer-ent
 []

<../images/plotPHNonFull5000_PathLength.pdf, id=60, 367.68365pt x 307.34624pt>
File: ../images/plotPHNonFull5000_PathLength.pdf Graphic file (type pdf)
<use ../images/plotPHNonFull5000_PathLength.pdf>
Package pdftex.def Info: ../images/plotPHNonFull5000_PathLength.pdf  used on input line 118.
(pdftex.def)             Requested size: 145.68144pt x 121.77795pt.

Underfull \hbox (badness 2564) in paragraph at lines 119--119
[]\T1/cmr/m/n/9 (h) |Path Lengths with dif-fer-ent
 []

<../images/plotPHNonFull10000_PathLength.pdf, id=61, 367.68365pt x 307.34624pt>
File: ../images/plotPHNonFull10000_PathLength.pdf Graphic file (type pdf)
<use ../images/plotPHNonFull10000_PathLength.pdf>
Package pdftex.def Info: ../images/plotPHNonFull10000_PathLength.pdf  used on input line 125.
(pdftex.def)             Requested size: 145.68144pt x 121.77795pt.
)

File: title/logo-upc.png Graphic file (type png)
<use title/logo-upc.png>
Package pdftex.def Info: title/logo-upc.png  used on input line 80.
(pdftex.def)             Requested size: 215.80704pt x 37.76599pt.
[5 <../images/plotNCFull1000_PathLength.pdf> <../images/plotNCFull5000_PathLength.pdf> <../images/plotNCFull10000_PathLength.pdf> <../images/plotNCNonFull1000_PathLength.pdf> <../images/plotNCNonFull5000_PathLength.pdf> <../images/plotNCNonFull10000_PathLength.pdf>] (./tplFigures.tex
<../images/plotFCFull1000_PointerUpdates.pdf, id=214, 368.7948pt x 309.28249pt>
File: ../images/plotFCFull1000_PointerUpdates.pdf Graphic file (type pdf)
<use ../images/plotFCFull1000_PointerUpdates.pdf>
Package pdftex.def Info: ../images/plotFCFull1000_PointerUpdates.pdf  used on input line 5.
(pdftex.def)             Requested size: 145.68144pt x 122.17703pt.
<../images/plotFCFull5000_PointerUpdates.pdf, id=215, 364.90527pt x 307.34624pt>
File: ../images/plotFCFull5000_PointerUpdates.pdf Graphic file (type pdf)
<use ../images/plotFCFull5000_PointerUpdates.pdf>
Package pdftex.def Info: ../images/plotFCFull5000_PointerUpdates.pdf  used on input line 12.
(pdftex.def)             Requested size: 145.68144pt x 122.70651pt.
<../images/plotFCFull10000_PointerUpdates.pdf, id=216, 364.90527pt x 307.34624pt>
File: ../images/plotFCFull10000_PointerUpdates.pdf Graphic file (type pdf)
<use ../images/plotFCFull10000_PointerUpdates.pdf>
Package pdftex.def Info: ../images/plotFCFull10000_PointerUpdates.pdf  used on input line 19.
(pdftex.def)             Requested size: 145.68144pt x 122.70651pt.
<../images/plotPSFull1000_PointerUpdates.pdf, id=217, 368.7948pt x 309.2885pt>
File: ../images/plotPSFull1000_PointerUpdates.pdf Graphic file (type pdf)
<use ../images/plotPSFull1000_PointerUpdates.pdf>
Package pdftex.def Info: ../images/plotPSFull1000_PointerUpdates.pdf  used on input line 25.
(pdftex.def)             Requested size: 145.68144pt x 122.17941pt.
<../images/plotPSFull5000_PointerUpdates.pdf, id=218, 364.90527pt x 307.34624pt>
File: ../images/plotPSFull5000_PointerUpdates.pdf Graphic file (type pdf)
<use ../images/plotPSFull5000_PointerUpdates.pdf>
Package pdftex.def Info: ../images/plotPSFull5000_PointerUpdates.pdf  used on input line 32.
(pdftex.def)             Requested size: 145.68144pt x 122.70651pt.
<../images/plotPSFull10000_PointerUpdates.pdf, id=219, 364.90527pt x 307.34624pt>
File: ../images/plotPSFull10000_PointerUpdates.pdf Graphic file (type pdf)
<use ../images/plotPSFull10000_PointerUpdates.pdf>
Package pdftex.def Info: ../images/plotPSFull10000_PointerUpdates.pdf  used on input line 39.
(pdftex.def)             Requested size: 145.68144pt x 122.70651pt.
<../images/plotPHFull1000_PointerUpdates.pdf, id=220, 368.7948pt x 309.28249pt>
File: ../images/plotPHFull1000_PointerUpdates.pdf Graphic file (type pdf)
<use ../images/plotPHFull1000_PointerUpdates.pdf>
Package pdftex.def Info: ../images/plotPHFull1000_PointerUpdates.pdf  used on input line 45.
(pdftex.def)             Requested size: 145.68144pt x 122.17703pt.
<../images/plotPHFull5000_PointerUpdates.pdf, id=221, 359.90561pt x 307.34523pt>
File: ../images/plotPHFull5000_PointerUpdates.pdf Graphic file (type pdf)
<use ../images/plotPHFull5000_PointerUpdates.pdf>
Package pdftex.def Info: ../images/plotPHFull5000_PointerUpdates.pdf  used on input line 52.
(pdftex.def)             Requested size: 145.68144pt x 124.40848pt.
<../images/plotPHFull10000_PointerUpdates.pdf, id=222, 364.90527pt x 307.34624pt>
File: ../images/plotPHFull10000_PointerUpdates.pdf Graphic file (type pdf)
<use ../images/plotPHFull10000_PointerUpdates.pdf>
Package pdftex.def Info: ../images/plotPHFull10000_PointerUpdates.pdf  used on input line 59.
(pdftex.def)             Requested size: 145.68144pt x 122.70651pt.
<../images/plotFCNonFull1000_PointerUpdates.pdf, id=223, 376.57188pt x 309.2885pt>
File: ../images/plotFCNonFull1000_PointerUpdates.pdf Graphic file (type pdf)
<use ../images/plotFCNonFull1000_PointerUpdates.pdf>
Package pdftex.def Info: ../images/plotFCNonFull1000_PointerUpdates.pdf  used on input line 72.
(pdftex.def)             Requested size: 145.68144pt x 119.65456pt.
<../images/plotFCNonFull5000_PointerUpdates.pdf, id=224, 367.68365pt x 307.34425pt>
File: ../images/plotFCNonFull5000_PointerUpdates.pdf Graphic file (type pdf)
<use ../images/plotFCNonFull5000_PointerUpdates.pdf>
Package pdftex.def Info: ../images/plotFCNonFull5000_PointerUpdates.pdf  used on input line 79.
(pdftex.def)             Requested size: 145.68144pt x 121.77716pt.
<../images/plotFCNonFull10000_PointerUpdates.pdf, id=225, 367.68365pt x 307.34425pt>
File: ../images/plotFCNonFull10000_PointerUpdates.pdf Graphic file (type pdf)
<use ../images/plotFCNonFull10000_PointerUpdates.pdf>
Package pdftex.def Info: ../images/plotFCNonFull10000_PointerUpdates.pdf  used on input line 86.
(pdftex.def)             Requested size: 145.68144pt x 121.77716pt.
<../images/plotPSNonFull1000_PointerUpdates.pdf, id=226, 376.57188pt x 309.2885pt>
File: ../images/plotPSNonFull1000_PointerUpdates.pdf Graphic file (type pdf)
<use ../images/plotPSNonFull1000_PointerUpdates.pdf>
Package pdftex.def Info: ../images/plotPSNonFull1000_PointerUpdates.pdf  used on input line 92.
(pdftex.def)             Requested size: 145.68144pt x 119.65456pt.
<../images/plotPSNonFull5000_PointerUpdates.pdf, id=227, 367.68365pt x 307.34425pt>
File: ../images/plotPSNonFull5000_PointerUpdates.pdf Graphic file (type pdf)
<use ../images/plotPSNonFull5000_PointerUpdates.pdf>
Package pdftex.def Info: ../images/plotPSNonFull5000_PointerUpdates.pdf  used on input line 99.
(pdftex.def)             Requested size: 145.68144pt x 121.77716pt.
<../images/plotPSNonFull10000_PointerUpdates.pdf, id=228, 367.68365pt x 307.34523pt>
File: ../images/plotPSNonFull10000_PointerUpdates.pdf Graphic file (type pdf)
<use ../images/plotPSNonFull10000_PointerUpdates.pdf>
Package pdftex.def Info: ../images/plotPSNonFull10000_PointerUpdates.pdf  used on input line 106.
(pdftex.def)             Requested size: 145.68144pt x 121.77754pt.
<../images/plotPHNonFull1000_PointerUpdates.pdf, id=229, 376.57188pt x 309.2885pt>
File: ../images/plotPHNonFull1000_PointerUpdates.pdf Graphic file (type pdf)
<use ../images/plotPHNonFull1000_PointerUpdates.pdf>
Package pdftex.def Info: ../images/plotPHNonFull1000_PointerUpdates.pdf  used on input line 112.
(pdftex.def)             Requested size: 145.68144pt x 119.65456pt.
<../images/plotPHNonFull5000_PointerUpdates.pdf, id=230, 367.68365pt x 307.34523pt>
File: ../images/plotPHNonFull5000_PointerUpdates.pdf Graphic file (type pdf)
<use ../images/plotPHNonFull5000_PointerUpdates.pdf>
Package pdftex.def Info: ../images/plotPHNonFull5000_PointerUpdates.pdf  used on input line 119.
(pdftex.def)             Requested size: 145.68144pt x 121.77754pt.
<../images/plotPHNonFull10000_PointerUpdates.pdf, id=231, 367.68365pt x 307.34523pt>
File: ../images/plotPHNonFull10000_PointerUpdates.pdf Graphic file (type pdf)
<use ../images/plotPHNonFull10000_PointerUpdates.pdf>
Package pdftex.def Info: ../images/plotPHNonFull10000_PointerUpdates.pdf  used on input line 126.
(pdftex.def)             Requested size: 145.68144pt x 121.77754pt.
))

File: title/logo-upc.png Graphic file (type png)
<use title/logo-upc.png>
Package pdftex.def Info: title/logo-upc.png  used on input line 35.
(pdftex.def)             Requested size: 215.80704pt x 37.76599pt.
[6]

File: title/logo-upc.png Graphic file (type png)
<use title/logo-upc.png>
Package pdftex.def Info: title/logo-upc.png  used on input line 35.
(pdftex.def)             Requested size: 215.80704pt x 37.76599pt.
[7 <../images/plotFCFull1000_PathLength.pdf> <../images/plotFCFull5000_PathLength.pdf> <../images/plotFCFull10000_PathLength.pdf> <../images/plotPSFull1000_PathLength.pdf> <../images/plotPSFull5000_PathLength.pdf> <../images/plotPSFull10000_PathLength.pdf> <../images/plotPHFull1000_PathLength.pdf> <../images/plotPHFull5000_PathLength.pdf> <../images/plotPHFull10000_PathLength.pdf>]

File: title/logo-upc.png Graphic file (type png)
<use title/logo-upc.png>
Package pdftex.def Info: title/logo-upc.png  used on input line 35.
(pdftex.def)             Requested size: 215.80704pt x 37.76599pt.
[8 <../images/plotFCNonFull1000_PathLength.pdf> <../images/plotFCNonFull5000_PathLength.pdf> <../images/plotFCNonFull10000_PathLength.pdf> <../images/plotPSNonFull1000_PathLength.pdf> <../images/plotPSNonFull5000_PathLength.pdf> <../images/plotPSNonFull10000_PathLength.pdf> <../images/plotPHNonFull1000_PathLength.pdf> <../images/plotPHNonFull5000_PathLength.pdf> <../images/plotPHNonFull10000_PathLength.pdf>]

File: title/logo-upc.png Graphic file (type png)
<use title/logo-upc.png>
Package pdftex.def Info: title/logo-upc.png  used on input line 35.
(pdftex.def)             Requested size: 215.80704pt x 37.76599pt.
[9 <../images/plotFCFull1000_PointerUpdates.pdf> <../images/plotFCFull5000_PointerUpdates.pdf> <../images/plotFCFull10000_PointerUpdates.pdf> <../images/plotPSFull1000_PointerUpdates.pdf> <../images/plotPSFull5000_PointerUpdates.pdf> <../images/plotPSFull10000_PointerUpdates.pdf> <../images/plotPHFull1000_PointerUpdates.pdf> <../images/plotPHFull5000_PointerUpdates.pdf> <../images/plotPHFull10000_PointerUpdates.pdf>]

File: title/logo-upc.png Graphic file (type png)
<use title/logo-upc.png>
Package pdftex.def Info: title/logo-upc.png  used on input line 35.
(pdftex.def)             Requested size: 215.80704pt x 37.76599pt.
[10 <../images/plotFCNonFull1000_PointerUpdates.pdf> <../images/plotFCNonFull5000_PointerUpdates.pdf> <../images/plotFCNonFull10000_PointerUpdates.pdf> <../images/plotPSNonFull1000_PointerUpdates.pdf> <../images/plotPSNonFull5000_PointerUpdates.pdf> <../images/plotPSNonFull10000_PointerUpdates.pdf> <../images/plotPHNonFull1000_PointerUpdates.pdf> <../images/plotPHNonFull5000_PointerUpdates.pdf> <../images/plotPHNonFull10000_PointerUpdates.pdf>]
\openout2 = `time.aux'.

 (./time.tex (./timeNC.tex
<../images/plotNCFull1000_time(ms).pdf, id=1058, 377.73822pt x 309.2915pt>
File: ../images/plotNCFull1000_time(ms).pdf Graphic file (type pdf)
<use ../images/plotNCFull1000_time(ms).pdf>
Package pdftex.def Info: ../images/plotNCFull1000_time(ms).pdf  used on input line 6.
(pdftex.def)             Requested size: 145.68144pt x 119.28288pt.
<../images/plotNCFull5000_time(ms).pdf, id=1059, 366.07166pt x 307.34425pt>
File: ../images/plotNCFull5000_time(ms).pdf Graphic file (type pdf)
<use ../images/plotNCFull5000_time(ms).pdf>
Package pdftex.def Info: ../images/plotNCFull5000_time(ms).pdf  used on input line 13.
(pdftex.def)             Requested size: 145.68144pt x 122.31178pt.
<../images/plotNCFull10000_time(ms).pdf, id=1060, 371.07233pt x 307.34523pt>
File: ../images/plotNCFull10000_time(ms).pdf Graphic file (type pdf)
<use ../images/plotNCFull10000_time(ms).pdf>
Package pdftex.def Info: ../images/plotNCFull10000_time(ms).pdf  used on input line 20.
(pdftex.def)             Requested size: 145.68144pt x 120.66139pt.
<../images/plotNCNonFull1000_time(ms).pdf, id=1061, 377.73822pt x 309.29051pt>
File: ../images/plotNCNonFull1000_time(ms).pdf Graphic file (type pdf)
<use ../images/plotNCNonFull1000_time(ms).pdf>
Package pdftex.def Info: ../images/plotNCNonFull1000_time(ms).pdf  used on input line 25.
(pdftex.def)             Requested size: 145.68144pt x 119.2825pt.
<../images/plotNCNonFull5000_time(ms).pdf, id=1062, 361.07196pt x 307.34523pt>
File: ../images/plotNCNonFull5000_time(ms).pdf Graphic file (type pdf)
<use ../images/plotNCNonFull5000_time(ms).pdf>
Package pdftex.def Info: ../images/plotNCNonFull5000_time(ms).pdf  used on input line 32.
(pdftex.def)             Requested size: 145.68144pt x 124.00516pt.
<../images/plotNCNonFull10000_time(ms).pdf, id=1063, 366.07166pt x 307.34523pt>
File: ../images/plotNCNonFull10000_time(ms).pdf Graphic file (type pdf)
<use ../images/plotNCNonFull10000_time(ms).pdf>
Package pdftex.def Info: ../images/plotNCNonFull10000_time(ms).pdf  used on input line 39.
(pdftex.def)             Requested size: 145.68144pt x 122.31218pt.
) (./timeH.tex
<../images/plotFCFull1000_time(ms).pdf, id=1064, 377.73822pt x 309.29051pt>
File: ../images/plotFCFull1000_time(ms).pdf Graphic file (type pdf)
<use ../images/plotFCFull1000_time(ms).pdf>
Package pdftex.def Info: ../images/plotFCFull1000_time(ms).pdf  used on input line 5.
(pdftex.def)             Requested size: 145.68144pt x 119.2825pt.
<../images/plotFCFull5000_time(ms).pdf, id=1065, 361.07196pt x 307.34523pt>
File: ../images/plotFCFull5000_time(ms).pdf Graphic file (type pdf)
<use ../images/plotFCFull5000_time(ms).pdf>
Package pdftex.def Info: ../images/plotFCFull5000_time(ms).pdf  used on input line 12.
(pdftex.def)             Requested size: 145.68144pt x 124.00516pt.
<../images/plotFCFull10000_time(ms).pdf, id=1066, 366.07166pt x 307.34523pt>
File: ../images/plotFCFull10000_time(ms).pdf Graphic file (type pdf)
<use ../images/plotFCFull10000_time(ms).pdf>
Package pdftex.def Info: ../images/plotFCFull10000_time(ms).pdf  used on input line 19.
(pdftex.def)             Requested size: 145.68144pt x 122.31218pt.
<../images/plotPSFull1000_time(ms).pdf, id=1067, 377.73822pt x 309.29051pt>
File: ../images/plotPSFull1000_time(ms).pdf Graphic file (type pdf)
<use ../images/plotPSFull1000_time(ms).pdf>
Package pdftex.def Info: ../images/plotPSFull1000_time(ms).pdf  used on input line 25.
(pdftex.def)             Requested size: 145.68144pt x 119.2825pt.
<../images/plotPSFull5000_time(ms).pdf, id=1068, 361.07196pt x 307.34523pt>
File: ../images/plotPSFull5000_time(ms).pdf Graphic file (type pdf)
<use ../images/plotPSFull5000_time(ms).pdf>
Package pdftex.def Info: ../images/plotPSFull5000_time(ms).pdf  used on input line 32.
(pdftex.def)             Requested size: 145.68144pt x 124.00516pt.
<../images/plotPSFull10000_time(ms).pdf, id=1069, 366.07166pt x 307.34523pt>
File: ../images/plotPSFull10000_time(ms).pdf Graphic file (type pdf)
<use ../images/plotPSFull10000_time(ms).pdf>
Package pdftex.def Info: ../images/plotPSFull10000_time(ms).pdf  used on input line 39.
(pdftex.def)             Requested size: 145.68144pt x 122.31218pt.
<../images/plotPHFull1000_time(ms).pdf, id=1070, 377.73822pt x 309.29051pt>
File: ../images/plotPHFull1000_time(ms).pdf Graphic file (type pdf)
<use ../images/plotPHFull1000_time(ms).pdf>
Package pdftex.def Info: ../images/plotPHFull1000_time(ms).pdf  used on input line 45.
(pdftex.def)             Requested size: 145.68144pt x 119.2825pt.
<../images/plotPHFull5000_time(ms).pdf, id=1071, 361.07196pt x 307.34523pt>
File: ../images/plotPHFull5000_time(ms).pdf Graphic file (type pdf)
<use ../images/plotPHFull5000_time(ms).pdf>
Package pdftex.def Info: ../images/plotPHFull5000_time(ms).pdf  used on input line 52.
(pdftex.def)             Requested size: 145.68144pt x 124.00516pt.
<../images/plotPHFull10000_time(ms).pdf, id=1072, 366.07166pt x 307.34523pt>
File: ../images/plotPHFull10000_time(ms).pdf Graphic file (type pdf)
<use ../images/plotPHFull10000_time(ms).pdf>
Package pdftex.def Info: ../images/plotPHFull10000_time(ms).pdf  used on input line 59.
(pdftex.def)             Requested size: 145.68144pt x 122.31218pt.
))

File: title/logo-upc.png Graphic file (type png)
<use title/logo-upc.png>
Package pdftex.def Info: title/logo-upc.png  used on input line 36.
(pdftex.def)             Requested size: 215.80704pt x 37.76599pt.
[11



 <../images/plotNCFull1000_time(ms).pdf> <../images/plotNCFull5000_time(ms).pdf> <../images/plotNCFull10000_time(ms).pdf> <../images/plotNCNonFull1000_time(ms).pdf> <../images/plotNCNonFull5000_time(ms).pdf> <../images/plotNCNonFull10000_time(ms).pdf>]

File: title/logo-upc.png Graphic file (type png)
<use title/logo-upc.png>
Package pdftex.def Info: title/logo-upc.png  used on input line 36.
(pdftex.def)             Requested size: 215.80704pt x 37.76599pt.
[12 <../images/plotFCFull1000_time(ms).pdf> <../images/plotFCFull5000_time(ms).pdf> <../images/plotFCFull10000_time(ms).pdf> <../images/plotPSFull1000_time(ms).pdf> <../images/plotPSFull5000_time(ms).pdf> <../images/plotPSFull10000_time(ms).pdf> <../images/plotPHFull1000_time(ms).pdf> <../images/plotPHFull5000_time(ms).pdf> <../images/plotPHFull10000_time(ms).pdf>] (./main.bbl)

File: title/logo-upc.png Graphic file (type png)
<use title/logo-upc.png>
Package pdftex.def Info: title/logo-upc.png  used on input line 42.
(pdftex.def)             Requested size: 215.80704pt x 37.76599pt.
[13


]
\openout2 = `appendix.aux'.

 (./appendix.tex

File: title/logo-upc.png Graphic file (type png)
<use title/logo-upc.png>
Package pdftex.def Info: title/logo-upc.png  used on input line 58.
(pdftex.def)             Requested size: 215.80704pt x 37.76599pt.
[14

]

File: title/logo-upc.png Graphic file (type png)
<use title/logo-upc.png>
Package pdftex.def Info: title/logo-upc.png  used on input line 106.
(pdftex.def)             Requested size: 215.80704pt x 37.76599pt.
[15]

File: title/logo-upc.png Graphic file (type png)
<use title/logo-upc.png>
Package pdftex.def Info: title/logo-upc.png  used on input line 164.
(pdftex.def)             Requested size: 215.80704pt x 37.76599pt.
[16])

File: title/logo-upc.png Graphic file (type png)
<use title/logo-upc.png>
Package pdftex.def Info: title/logo-upc.png  used on input line 42.
(pdftex.def)             Requested size: 215.80704pt x 37.76599pt.
[17] (./main.aux (./one.aux) (./time.aux) (./appendix.aux))
 ***********
LaTeX2e <2024-11-01> patch level 2
L3 programming layer <2025-01-18>
 ***********
 ) 
Here is how much of TeX's memory you used:
 7007 strings out of 473201
 132027 string characters out of 5716126
 525537 words of memory out of 5000000
 30157 multiletter control sequences out of 15000+600000
 571637 words of font info for 58 fonts, out of 8000000 for 9000
 1141 hyphenation exceptions out of 8191
 67i,15n,77p,996b,577s stack positions out of 10000i,1000n,20000p,200000b,200000s
</usr/local/texlive/2024/texmf-dist/fonts/type1/public/amsfonts/cm/cmex10.pfb></usr/local/texlive/2024/texmf-dist/fonts/type1/public/amsfonts/cm/cmmi10.pfb></usr/local/texlive/2024/texmf-dist/fonts/type1/public/amsfonts/cm/cmmi7.pfb></usr/local/texlive/2024/texmf-dist/fonts/type1/public/amsfonts/cm/cmmi9.pfb></usr/local/texlive/2024/texmf-dist/fonts/type1/public/amsfonts/cm/cmr10.pfb></usr/local/texlive/2024/texmf-dist/fonts/type1/public/amsfonts/cm/cmr7.pfb></usr/local/texlive/2024/texmf-dist/fonts/type1/public/amsfonts/cm/cmr9.pfb></usr/local/texlive/2024/texmf-dist/fonts/type1/public/amsfonts/cm/cmsy10.pfb></usr/local/texlive/2024/texmf-dist/fonts/type1/public/amsfonts/cm/cmsy7.pfb></usr/local/texlive/2024/texmf-dist/fonts/type1/public/cm-super/sfbx1000.pfb></usr/local/texlive/2024/texmf-dist/fonts/type1/public/cm-super/sfbx1200.pfb></usr/local/texlive/2024/texmf-dist/fonts/type1/public/cm-super/sfbx1440.pfb></usr/local/texlive/2024/texmf-dist/fonts/type1/public/cm-super/sfbx2074.pfb></usr/local/texlive/2024/texmf-dist/fonts/type1/public/cm-super/sfcc1200.pfb></usr/local/texlive/2024/texmf-dist/fonts/type1/public/cm-super/sfcc1728.pfb></usr/local/texlive/2024/texmf-dist/fonts/type1/public/cm-super/sfrm0900.pfb></usr/local/texlive/2024/texmf-dist/fonts/type1/public/cm-super/sfrm1000.pfb></usr/local/texlive/2024/texmf-dist/fonts/type1/public/cm-super/sfrm1200.pfb></usr/local/texlive/2024/texmf-dist/fonts/type1/public/cm-super/sfti1000.pfb></usr/local/texlive/2024/texmf-dist/fonts/type1/public/cm-super/sfti1200.pfb></usr/local/texlive/2024/texmf-dist/fonts/type1/public/cm-super/sftt1000.pfb>
Output written on main.pdf (17 pages, 937468 bytes).
PDF statistics:
 1518 PDF objects out of 1728 (max. 8388607)
 1082 compressed objects within 11 object streams
 0 named destinations out of 1000 (max. 500000)
 291 words of extra memory for PDF output out of 10000 (max. 10000000)

